<?xml version="1.0" encoding="UTF-8"?>
<robot generator="Robot 3.1.1 (Python 3.7.0 on win32)" generated="20220227 08:38:56.658" rpa="false">
<suite id="s1" name="TestSuite1" source="C:\Users\Fernando\eclipse_workspace2\RoboProject1\test\TestSuite1.robot">
<kw name="Log" library="BuiltIn" type="setup">
<doc>Logs the given message with the given level.</doc>
<arguments>
<arg>I am inside TEst Suite Setup</arg>
</arguments>
<msg timestamp="20220227 08:38:56.854" level="INFO">I am inside TEst Suite Setup</msg>
<status status="PASS" starttime="20220227 08:38:56.854" endtime="20220227 08:38:56.854"></status>
</kw>
<test id="s1-t1" name="MyFirstTest">
<kw name="Log" library="BuiltIn" type="setup">
<doc>Logs the given message with the given level.</doc>
<arguments>
<arg>I am inside Test Setup</arg>
</arguments>
<msg timestamp="20220227 08:38:56.855" level="INFO">I am inside Test Setup</msg>
<status status="PASS" starttime="20220227 08:38:56.855" endtime="20220227 08:38:56.855"></status>
</kw>
<kw name="Log" library="BuiltIn">
<doc>Logs the given message with the given level.</doc>
<arguments>
<arg>Hello World ...</arg>
</arguments>
<msg timestamp="20220227 08:38:56.855" level="INFO">Hello World ...</msg>
<status status="PASS" starttime="20220227 08:38:56.855" endtime="20220227 08:38:56.855"></status>
</kw>
<kw name="Log" library="BuiltIn" type="teardown">
<doc>Logs the given message with the given level.</doc>
<arguments>
<arg>I am inside Test Teardown</arg>
</arguments>
<msg timestamp="20220227 08:38:56.856" level="INFO">I am inside Test Teardown</msg>
<status status="PASS" starttime="20220227 08:38:56.856" endtime="20220227 08:38:56.856"></status>
</kw>
<tags>
<tag>smoke</tag>
</tags>
<status status="PASS" starttime="20220227 08:38:56.854" endtime="20220227 08:38:56.856" critical="yes"></status>
</test>
<test id="s1-t2" name="MySecondTest">
<kw name="Log" library="BuiltIn" type="setup">
<doc>Logs the given message with the given level.</doc>
<arguments>
<arg>I am inside Test Setup</arg>
</arguments>
<msg timestamp="20220227 08:38:56.857" level="INFO">I am inside Test Setup</msg>
<status status="PASS" starttime="20220227 08:38:56.857" endtime="20220227 08:38:56.857"></status>
</kw>
<kw name="Log" library="BuiltIn">
<doc>Logs the given message with the given level.</doc>
<arguments>
<arg>i am inside the 2nd test</arg>
</arguments>
<msg timestamp="20220227 08:38:56.858" level="INFO">i am inside the 2nd test</msg>
<status status="PASS" starttime="20220227 08:38:56.857" endtime="20220227 08:38:56.858"></status>
</kw>
<kw name="Set Tags" library="BuiltIn">
<doc>Adds given ``tags`` for the current test or all tests in a suite.</doc>
<arguments>
<arg>regression1</arg>
</arguments>
<msg timestamp="20220227 08:38:56.858" level="INFO">Set tag 'regression1'.</msg>
<status status="PASS" starttime="20220227 08:38:56.858" endtime="20220227 08:38:56.858"></status>
</kw>
<kw name="Remove Tags" library="BuiltIn">
<doc>Removes given ``tags`` from the current test or all tests in a suite.</doc>
<arguments>
<arg>regression1</arg>
</arguments>
<msg timestamp="20220227 08:38:56.859" level="INFO">Removed tag 'regression1'.</msg>
<status status="PASS" starttime="20220227 08:38:56.858" endtime="20220227 08:38:56.859"></status>
</kw>
<kw name="Log" library="BuiltIn" type="teardown">
<doc>Logs the given message with the given level.</doc>
<arguments>
<arg>I am inside Test Teardown</arg>
</arguments>
<msg timestamp="20220227 08:38:56.860" level="INFO">I am inside Test Teardown</msg>
<status status="PASS" starttime="20220227 08:38:56.859" endtime="20220227 08:38:56.860"></status>
</kw>
<tags>
<tag>example</tag>
</tags>
<status status="PASS" starttime="20220227 08:38:56.857" endtime="20220227 08:38:56.860" critical="yes"></status>
</test>
<test id="s1-t3" name="MyThirdTest">
<kw name="Log" library="BuiltIn" type="setup">
<doc>Logs the given message with the given level.</doc>
<arguments>
<arg>I am inside Test Setup</arg>
</arguments>
<msg timestamp="20220227 08:38:56.861" level="INFO">I am inside Test Setup</msg>
<status status="PASS" starttime="20220227 08:38:56.861" endtime="20220227 08:38:56.861"></status>
</kw>
<kw name="Log" library="BuiltIn">
<doc>Logs the given message with the given level.</doc>
<arguments>
<arg>i am inside the 3rd test</arg>
</arguments>
<msg timestamp="20220227 08:38:56.862" level="INFO">i am inside the 3rd test</msg>
<status status="PASS" starttime="20220227 08:38:56.861" endtime="20220227 08:38:56.862"></status>
</kw>
<kw name="Log" library="BuiltIn" type="teardown">
<doc>Logs the given message with the given level.</doc>
<arguments>
<arg>I am inside Test Teardown</arg>
</arguments>
<msg timestamp="20220227 08:38:56.862" level="INFO">I am inside Test Teardown</msg>
<status status="PASS" starttime="20220227 08:38:56.862" endtime="20220227 08:38:56.862"></status>
</kw>
<tags>
<tag>sanity</tag>
</tags>
<status status="PASS" starttime="20220227 08:38:56.861" endtime="20220227 08:38:56.863" critical="yes"></status>
</test>
<kw name="Log" library="BuiltIn" type="teardown">
<doc>Logs the given message with the given level.</doc>
<arguments>
<arg>I am inside Test Suite Teardown</arg>
</arguments>
<msg timestamp="20220227 08:38:56.864" level="INFO">I am inside Test Suite Teardown</msg>
<status status="PASS" starttime="20220227 08:38:56.863" endtime="20220227 08:38:56.864"></status>
</kw>
<status status="PASS" starttime="20220227 08:38:56.660" endtime="20220227 08:38:56.864"></status>
</suite>
<statistics>
<total>
<stat pass="3" fail="0">Critical Tests</stat>
<stat pass="3" fail="0">All Tests</stat>
</total>
<tag>
<stat pass="1" fail="0">example</stat>
<stat pass="1" fail="0">sanity</stat>
<stat pass="1" fail="0">smoke</stat>
</tag>
<suite>
<stat pass="3" fail="0" id="s1" name="TestSuite1">TestSuite1</stat>
</suite>
</statistics>
<errors>
</errors>
</robot>
