<?xml version="1.0" encoding="UTF-8"?>
<robot generator="Robot 3.1.1 (Python 3.7.0 on win32)" generated="20220228 03:56:26.899" rpa="false">
<suite id="s1" name="RoboProject1" source="C:\Users\Fernando\eclipse_workspace2\RoboProject1">
<suite id="s1-s1" name="Test" source="C:\Users\Fernando\eclipse_workspace2\RoboProject1\test">
<suite id="s1-s1-s1" name="TestSuite1" source="C:\Users\Fernando\eclipse_workspace2\RoboProject1\test\TestSuite1.robot">
<kw name="Log" library="BuiltIn" type="setup">
<doc>Logs the given message with the given level.</doc>
<arguments>
<arg>I am inside TEst Suite Setup</arg>
</arguments>
<msg timestamp="20220228 03:56:27.201" level="INFO">I am inside TEst Suite Setup</msg>
<status status="PASS" starttime="20220228 03:56:27.201" endtime="20220228 03:56:27.201"></status>
</kw>
<test id="s1-s1-s1-t1" name="MyFirstTest">
<kw name="Log" library="BuiltIn" type="setup">
<doc>Logs the given message with the given level.</doc>
<arguments>
<arg>I am inside Test Setup</arg>
</arguments>
<msg timestamp="20220228 03:56:27.202" level="INFO">I am inside Test Setup</msg>
<status status="PASS" starttime="20220228 03:56:27.202" endtime="20220228 03:56:27.202"></status>
</kw>
<kw name="Log" library="BuiltIn">
<doc>Logs the given message with the given level.</doc>
<arguments>
<arg>Hello World ...</arg>
</arguments>
<msg timestamp="20220228 03:56:27.203" level="INFO">Hello World ...</msg>
<status status="PASS" starttime="20220228 03:56:27.202" endtime="20220228 03:56:27.203"></status>
</kw>
<kw name="Log" library="BuiltIn" type="teardown">
<doc>Logs the given message with the given level.</doc>
<arguments>
<arg>I am inside Test Teardown</arg>
</arguments>
<msg timestamp="20220228 03:56:27.203" level="INFO">I am inside Test Teardown</msg>
<status status="PASS" starttime="20220228 03:56:27.203" endtime="20220228 03:56:27.203"></status>
</kw>
<tags>
<tag>smoke</tag>
</tags>
<status status="PASS" starttime="20220228 03:56:27.201" endtime="20220228 03:56:27.203" critical="yes"></status>
</test>
<test id="s1-s1-s1-t2" name="MySecondTest">
<kw name="Log" library="BuiltIn" type="setup">
<doc>Logs the given message with the given level.</doc>
<arguments>
<arg>I am inside Test Setup</arg>
</arguments>
<msg timestamp="20220228 03:56:27.205" level="INFO">I am inside Test Setup</msg>
<status status="PASS" starttime="20220228 03:56:27.204" endtime="20220228 03:56:27.205"></status>
</kw>
<kw name="Log" library="BuiltIn">
<doc>Logs the given message with the given level.</doc>
<arguments>
<arg>i am inside the 2nd test</arg>
</arguments>
<msg timestamp="20220228 03:56:27.205" level="INFO">i am inside the 2nd test</msg>
<status status="PASS" starttime="20220228 03:56:27.205" endtime="20220228 03:56:27.205"></status>
</kw>
<kw name="Set Tags" library="BuiltIn">
<doc>Adds given ``tags`` for the current test or all tests in a suite.</doc>
<arguments>
<arg>regression1</arg>
</arguments>
<msg timestamp="20220228 03:56:27.206" level="INFO">Set tag 'regression1'.</msg>
<status status="PASS" starttime="20220228 03:56:27.206" endtime="20220228 03:56:27.206"></status>
</kw>
<kw name="Remove Tags" library="BuiltIn">
<doc>Removes given ``tags`` from the current test or all tests in a suite.</doc>
<arguments>
<arg>regression1</arg>
</arguments>
<msg timestamp="20220228 03:56:27.207" level="INFO">Removed tag 'regression1'.</msg>
<status status="PASS" starttime="20220228 03:56:27.206" endtime="20220228 03:56:27.207"></status>
</kw>
<kw name="Log" library="BuiltIn" type="teardown">
<doc>Logs the given message with the given level.</doc>
<arguments>
<arg>I am inside Test Teardown</arg>
</arguments>
<msg timestamp="20220228 03:56:27.208" level="INFO">I am inside Test Teardown</msg>
<status status="PASS" starttime="20220228 03:56:27.208" endtime="20220228 03:56:27.208"></status>
</kw>
<tags>
<tag>example</tag>
</tags>
<status status="PASS" starttime="20220228 03:56:27.204" endtime="20220228 03:56:27.209" critical="yes"></status>
</test>
<test id="s1-s1-s1-t3" name="MyThirdTest">
<kw name="Log" library="BuiltIn" type="setup">
<doc>Logs the given message with the given level.</doc>
<arguments>
<arg>I am inside Test Setup</arg>
</arguments>
<msg timestamp="20220228 03:56:27.210" level="INFO">I am inside Test Setup</msg>
<status status="PASS" starttime="20220228 03:56:27.210" endtime="20220228 03:56:27.211"></status>
</kw>
<kw name="Log" library="BuiltIn">
<doc>Logs the given message with the given level.</doc>
<arguments>
<arg>i am inside the 3rd test</arg>
</arguments>
<msg timestamp="20220228 03:56:27.211" level="INFO">i am inside the 3rd test</msg>
<status status="PASS" starttime="20220228 03:56:27.211" endtime="20220228 03:56:27.212"></status>
</kw>
<kw name="Log" library="BuiltIn" type="teardown">
<doc>Logs the given message with the given level.</doc>
<arguments>
<arg>I am inside Test Teardown</arg>
</arguments>
<msg timestamp="20220228 03:56:27.212" level="INFO">I am inside Test Teardown</msg>
<status status="PASS" starttime="20220228 03:56:27.212" endtime="20220228 03:56:27.212"></status>
</kw>
<tags>
<tag>sanity</tag>
</tags>
<status status="PASS" starttime="20220228 03:56:27.209" endtime="20220228 03:56:27.213" critical="yes"></status>
</test>
<kw name="Log" library="BuiltIn" type="teardown">
<doc>Logs the given message with the given level.</doc>
<arguments>
<arg>I am inside Test Suite Teardown</arg>
</arguments>
<msg timestamp="20220228 03:56:27.213" level="INFO">I am inside Test Suite Teardown</msg>
<status status="PASS" starttime="20220228 03:56:27.213" endtime="20220228 03:56:27.214"></status>
</kw>
<status status="PASS" starttime="20220228 03:56:26.971" endtime="20220228 03:56:27.214"></status>
</suite>
<status status="PASS" starttime="20220228 03:56:26.968" endtime="20220228 03:56:27.215"></status>
</suite>
<status status="PASS" starttime="20220228 03:56:26.936" endtime="20220228 03:56:27.216"></status>
</suite>
<statistics>
<total>
<stat pass="3" fail="0">Critical Tests</stat>
<stat pass="3" fail="0">All Tests</stat>
</total>
<tag>
<stat pass="1" fail="0">example</stat>
<stat pass="1" fail="0">sanity</stat>
<stat pass="1" fail="0">smoke</stat>
</tag>
<suite>
<stat pass="3" fail="0" id="s1" name="RoboProject1">RoboProject1</stat>
<stat pass="3" fail="0" id="s1-s1" name="Test">RoboProject1.Test</stat>
<stat pass="3" fail="0" id="s1-s1-s1" name="TestSuite1">RoboProject1.Test.TestSuite1</stat>
</suite>
</statistics>
<errors>
</errors>
</robot>
